<?xml version="1.0" encoding="UTF-8"?>
<!-- Generated by org.testng.reporters.JUnitXMLReporter -->
<testsuite ignored="0" hostname="LAPTOP-I1SP28VM" failures="1" tests="7" name="Default test" time="67.215" errors="0" timestamp="2020-08-23T22:33:52 IST">
  <testcase classname="com.flipkart.testing.TestPages.GoogleNestMini.GoogleNestMINIProductTest" name="TitleVerifyTest" time="9.33">
    <failure type="java.lang.AssertionError" message="expected [Google Nest Mini (2nd Gen) Price in India - Buy Google Nest Mini (2nd Gen) online at Flipkart.com] but found [Google Nest Mini Store Online - Buy Google Nest Mini Online at Best Price in India | Flipkart.com]">
      <![CDATA[java.lang.AssertionError: expected [Google Nest Mini (2nd Gen) Price in India - Buy Google Nest Mini (2nd Gen) online at Flipkart.com] but found [Google Nest Mini Store Online - Buy Google Nest Mini Online at Best Price in India | Flipkart.com]
at org.testng.Assert.fail(Assert.java:97)
at org.testng.Assert.assertEqualsImpl(Assert.java:136)
at org.testng.Assert.assertEquals(Assert.java:118)
at org.testng.Assert.assertEquals(Assert.java:575)
at org.testng.Assert.assertEquals(Assert.java:585)
at com.flipkart.testing.TestPages.GoogleNestMini.GoogleNestMINIProductTest.TitleVerifyTest(GoogleNestMINIProductTest.java:50)
at java.base/jdk.internal.reflect.NativeMethodAccessorImpl.invoke0(Native Method)
at java.base/jdk.internal.reflect.NativeMethodAccessorImpl.invoke(NativeMethodAccessorImpl.java:62)
at java.base/jdk.internal.reflect.DelegatingMethodAccessorImpl.invoke(DelegatingMethodAccessorImpl.java:43)
at java.base/java.lang.reflect.Method.invoke(Method.java:564)
at org.testng.internal.MethodInvocationHelper.invokeMethod(MethodInvocationHelper.java:135)
at org.testng.internal.TestInvoker.invokeMethod(TestInvoker.java:598)
at org.testng.internal.TestInvoker.invokeTestMethod(TestInvoker.java:174)
at org.testng.internal.MethodRunner.runInSequence(MethodRunner.java:46)
at org.testng.internal.TestInvoker$MethodInvocationAgent.invoke(TestInvoker.java:821)
at org.testng.internal.TestInvoker.invokeTestMethods(TestInvoker.java:147)
at org.testng.internal.TestMethodWorker.invokeTestMethods(TestMethodWorker.java:146)
at org.testng.internal.TestMethodWorker.run(TestMethodWorker.java:128)
at java.base/java.util.ArrayList.forEach(ArrayList.java:1510)
at org.testng.TestRunner.privateRun(TestRunner.java:767)
at org.testng.TestRunner.run(TestRunner.java:588)
at org.testng.SuiteRunner.runTest(SuiteRunner.java:384)
at org.testng.SuiteRunner.runSequentially(SuiteRunner.java:378)
at org.testng.SuiteRunner.privateRun(SuiteRunner.java:337)
at org.testng.SuiteRunner.run(SuiteRunner.java:286)
at org.testng.SuiteRunnerWorker.runSuite(SuiteRunnerWorker.java:53)
at org.testng.SuiteRunnerWorker.run(SuiteRunnerWorker.java:96)
at org.testng.TestNG.runSuitesSequentially(TestNG.java:1214)
at org.testng.TestNG.runSuitesLocally(TestNG.java:1136)
at org.testng.TestNG.runSuites(TestNG.java:1066)
at org.testng.TestNG.run(TestNG.java:1034)
at org.testng.remote.AbstractRemoteTestNG.run(AbstractRemoteTestNG.java:115)
at org.testng.remote.RemoteTestNG.initAndRun(RemoteTestNG.java:251)
at org.testng.remote.RemoteTestNG.main(RemoteTestNG.java:77)
]]>
    </failure>
  </testcase> <!-- TitleVerifyTest -->
  <testcase classname="com.flipkart.testing.TestPages.GoogleNestMini.GoogleNestMINIProductTest" name="pageVerify" time="0.041"/>
  <testcase classname="com.flipkart.testing.TestPages.GoogleNestMini.GoogleNestMINIProductTest" name="ColorSelectionTest" time="2.379"/>
  <testcase classname="com.flipkart.testing.TestPages.GoogleNestMini.GoogleNestMINIProductTest" name="googleNestminiFeatureImgProductVerifyTest" time="12.395"/>
  <testcase classname="com.flipkart.testing.TestPages.GoogleNestMini.GoogleNestMINIProductTest" name="pageVerifygoogleNestminiFeatureImgProductVerifyTest" time="0.025"/>
  <testcase classname="com.flipkart.testing.TestPages.GoogleNestMini.GoogleNestMINIProductTest" name="ColorSelectiongoogleNestminiFeatureImgProductVerifyTest" time="2.337"/>
  <testcase classname="com.flipkart.testing.TestPages.GoogleNestMini.GoogleNestMINIProductTest" name="BuyProduct_googleNestminiVerifyTest" time="10.833"/>
</testsuite> <!-- Default test -->
