<?xml version="1.0" encoding="UTF-8"?>
<!-- Generated by org.testng.reporters.JUnitXMLReporter -->
<testsuite ignored="0" hostname="LAPTOP-I1SP28VM" failures="0" tests="161" name="Test" time="38.108" errors="0" timestamp="2020-09-14T03:05:47 IST">
  <testcase classname="com.flipkart.testing.TestPages.AppleTest" name="@BeforeTest setUp" time="18.001">
    <failure type="org.openqa.selenium.NoSuchElementException" message="Unable to locate element: //*[@id=&amp;quot;container&amp;quot;]/div/div[2]/div/ul/li[1]
For documentation on this error, please visit: https://www.seleniumhq.org/exceptions/no_such_element.html
Build info: version: &amp;apos;3.141.59&amp;apos;, revision: &amp;apos;e82be7d358&amp;apos;, time: &amp;apos;2018-11-14T08:17:03&amp;apos;
System info: host: &amp;apos;LAPTOP-I1SP28VM&amp;apos;, ip: &amp;apos;192.168.43.249&amp;apos;, os.name: &amp;apos;Windows 10&amp;apos;, os.arch: &amp;apos;amd64&amp;apos;, os.version: &amp;apos;10.0&amp;apos;, java.version: &amp;apos;14&amp;apos;
Driver info: org.openqa.selenium.firefox.FirefoxDriver
Capabilities {acceptInsecureCerts: true, browserName: firefox, browserVersion: 80.0, javascriptEnabled: true, moz:accessibilityChecks: false, moz:buildID: 20200818235255, moz:geckodriverVersion: 0.27.0, moz:headless: false, moz:processID: 20496, moz:profile: C:\Users\2D\AppData\Local\T..., moz:shutdownTimeout: 60000, moz:useNonSpecCompliantPointerOrigin: false, moz:webdriverClick: true, pageLoadStrategy: normal, platform: WINDOWS, platformName: WINDOWS, platformVersion: 10.0, rotatable: false, setWindowRect: true, strictFileInteractability: false, timeouts: {implicit: 0, pageLoad: 300000, script: 30000}, unhandledPromptBehavior: dismiss and notify}
Session ID: 5b53e507-bd6a-4745-b7c9-14befcab656a
*** Element info: {Using=xpath, value=//*[@id=&amp;quot;container&amp;quot;]/div/div[2]/div/ul/li[1]}">
      <![CDATA[org.openqa.selenium.NoSuchElementException: Unable to locate element: //*[@id="container"]/div/div[2]/div/ul/li[1]
For documentation on this error, please visit: https://www.seleniumhq.org/exceptions/no_such_element.html
Build info: version: '3.141.59', revision: 'e82be7d358', time: '2018-11-14T08:17:03'
System info: host: 'LAPTOP-I1SP28VM', ip: '192.168.43.249', os.name: 'Windows 10', os.arch: 'amd64', os.version: '10.0', java.version: '14'
Driver info: org.openqa.selenium.firefox.FirefoxDriver
Capabilities {acceptInsecureCerts: true, browserName: firefox, browserVersion: 80.0, javascriptEnabled: true, moz:accessibilityChecks: false, moz:buildID: 20200818235255, moz:geckodriverVersion: 0.27.0, moz:headless: false, moz:processID: 20496, moz:profile: C:\Users\2D\AppData\Local\T..., moz:shutdownTimeout: 60000, moz:useNonSpecCompliantPointerOrigin: false, moz:webdriverClick: true, pageLoadStrategy: normal, platform: WINDOWS, platformName: WINDOWS, platformVersion: 10.0, rotatable: false, setWindowRect: true, strictFileInteractability: false, timeouts: {implicit: 0, pageLoad: 300000, script: 30000}, unhandledPromptBehavior: dismiss and notify}
Session ID: 5b53e507-bd6a-4745-b7c9-14befcab656a
*** Element info: {Using=xpath, value=//*[@id="container"]/div/div[2]/div/ul/li[1]}
at org.openqa.selenium.remote.http.W3CHttpResponseCodec.createException(W3CHttpResponseCodec.java:187)
at org.openqa.selenium.remote.http.W3CHttpResponseCodec.decode(W3CHttpResponseCodec.java:122)
at org.openqa.selenium.remote.http.W3CHttpResponseCodec.decode(W3CHttpResponseCodec.java:49)
at org.openqa.selenium.remote.HttpCommandExecutor.execute(HttpCommandExecutor.java:158)
at org.openqa.selenium.remote.service.DriverCommandExecutor.execute(DriverCommandExecutor.java:83)
at org.openqa.selenium.remote.RemoteWebDriver.execute(RemoteWebDriver.java:552)
at org.openqa.selenium.remote.RemoteWebDriver.findElement(RemoteWebDriver.java:323)
at org.openqa.selenium.remote.RemoteWebDriver.findElementByXPath(RemoteWebDriver.java:428)
at org.openqa.selenium.By$ByXPath.findElement(By.java:353)
at org.openqa.selenium.remote.RemoteWebDriver.findElement(RemoteWebDriver.java:315)
at org.openqa.selenium.support.pagefactory.DefaultElementLocator.findElement(DefaultElementLocator.java:69)
at org.openqa.selenium.support.pagefactory.internal.LocatingElementHandler.invoke(LocatingElementHandler.java:38)
at com.sun.proxy.$Proxy13.click(Unknown Source)
at com.flipkart.testing.Pages.Electronics.Mobile.Mobile.NavigatetoIphone(Mobile.java:33)
at com.flipkart.testing.TestPages.AppleTest.setUp(AppleTest.java:30)
... Removed 29 stack frames]]>
    </failure>
  </testcase> <!-- @BeforeTest setUp -->
  <testcase classname="com.flipkart.testing.TestPages.AppleWatchTest" name="@BeforeTest setUp" time="-1.600032946531E9">
    <skipped/>
  </testcase> <!-- @BeforeTest setUp -->
  <testcase classname="com.flipkart.testing.TestPages.CartTest" name="@BeforeTest setup" time="-1.600032946535E9">
    <skipped/>
  </testcase> <!-- @BeforeTest setup -->
  <testcase classname="com.flipkart.testing.TestPages.Women.WesternMaterilTest.DressesTest" name="@BeforeTest SetUp" time="-1.600032946537E9">
    <skipped/>
  </testcase> <!-- @BeforeTest SetUp -->
  <testcase classname="com.flipkart.testing.TestPages.SmartWatches.FitBit_Test" name="@BeforeTest Setup" time="-1.600032946539E9">
    <skipped/>
  </testcase> <!-- @BeforeTest Setup -->
  <testcase classname="com.flipkart.testing.TestPages.GoogleNestMini.GoogleNestMINIProductTest" name="@BeforeTest Setup" time="-1.600032946542E9">
    <skipped/>
  </testcase> <!-- @BeforeTest Setup -->
  <testcase classname="com.flipkart.testing.TestPages.GoogleNestMini.GoogleNestMini_Test" name="@BeforeTest Setup" time="-1.600032946546E9">
    <skipped/>
  </testcase> <!-- @BeforeTest Setup -->
  <testcase classname="com.flipkart.testing.TestPages.GoogleAssistant.Google_Assistant_Test" name="@BeforeTest SetUp" time="-1.60003294655E9">
    <skipped/>
  </testcase> <!-- @BeforeTest SetUp -->
  <testcase classname="com.flipkart.testing.TestPages.HardDiskTest" name="@BeforeTest setup" time="-1.600032946555E9">
    <skipped/>
  </testcase> <!-- @BeforeTest setup -->
  <testcase classname="com.flipkart.testing.TestPages.HomePageTest" name="@BeforeTest setup" time="-1.600032946558E9">
    <skipped/>
  </testcase> <!-- @BeforeTest setup -->
  <testcase classname="com.flipkart.testing.TestPages.InvalidLoginTest" name="@BeforeTest setUp" time="-1.600032946562E9">
    <skipped/>
  </testcase> <!-- @BeforeTest setUp -->
  <testcase classname="com.flipkart.testing.TestPages.IpadProTest" name="@BeforeTest Setup" time="-1.600032946571E9">
    <skipped/>
  </testcase> <!-- @BeforeTest Setup -->
  <testcase classname="com.flipkart.testing.TestPages.AC.LG_AC_Test" name="@BeforeTest SetUp" time="-1.600032946575E9">
    <skipped/>
  </testcase> <!-- @BeforeTest SetUp -->
  <testcase classname="com.flipkart.testing.TestPages.LoginTest" name="@BeforeTest setup" time="-1.600032946579E9">
    <skipped/>
  </testcase> <!-- @BeforeTest setup -->
  <testcase classname="com.flipkart.testing.TestPages.Men.MenTshirts_Test" name="@BeforeTest Setup" time="-1.600032946582E9">
    <skipped/>
  </testcase> <!-- @BeforeTest Setup -->
  <testcase classname="com.flipkart.testing.TestPages.MiTest" name="@BeforeTest setUp" time="-1.600032946586E9">
    <skipped/>
  </testcase> <!-- @BeforeTest setUp -->
  <testcase classname="com.flipkart.testing.TestPages.MicroSoft_Product.MicroSoft_Surface_6_Test" name="@BeforeTest Setup" time="-1.60003294659E9">
    <skipped/>
  </testcase> <!-- @BeforeTest Setup -->
  <testcase classname="com.flipkart.testing.TestPages.MicroSoft_Product.MicroSoft_Surface_7_Test" name="@BeforeTest Setup" time="-1.600032946594E9">
    <skipped/>
  </testcase> <!-- @BeforeTest Setup -->
  <testcase classname="com.flipkart.testing.TestPages.MicroSoft_Product.MicroSoft_product_Test" name="@BeforeTest Setup" time="-1.600032946597E9">
    <skipped/>
  </testcase> <!-- @BeforeTest Setup -->
  <testcase classname="com.flipkart.testing.TestPages.MobileTest" name="@BeforeTest setUp" time="-1.600032946601E9">
    <skipped/>
  </testcase> <!-- @BeforeTest setUp -->
  <testcase classname="com.flipkart.testing.TestPages.SeagateTest" name="@BeforeTest setup" time="-1.600032946605E9">
    <skipped/>
  </testcase> <!-- @BeforeTest setup -->
  <testcase classname="com.flipkart.testing.TestPages.Men.Tshirts.Wrangler_TshirtTest" name="@BeforeTest SetUp" time="-1.600032946607E9">
    <skipped/>
  </testcase> <!-- @BeforeTest SetUp -->
  <testcase classname="com.flipkart.testing.TestPages.AboutUsTest" name="@AfterTest teardown" time="-1.600032947046E9">
    <skipped/>
  </testcase> <!-- @AfterTest teardown -->
  <testcase classname="com.flipkart.testing.TestPages.AppleTest" name="@AfterTest tearDown" time="-1.600032947046E9">
    <skipped/>
  </testcase> <!-- @AfterTest tearDown -->
  <testcase classname="com.flipkart.testing.TestPages.AppleWatchTest" name="@AfterTest tearDown" time="-1.600032947047E9">
    <skipped/>
  </testcase> <!-- @AfterTest tearDown -->
  <testcase classname="com.flipkart.testing.TestPages.SmartWatches.FitBit_Test" name="@AfterTest tearDown" time="-1.600032947047E9">
    <skipped/>
  </testcase> <!-- @AfterTest tearDown -->
  <testcase classname="com.flipkart.testing.TestPages.GoogleNestMini.GoogleNestMINIProductTest" name="@AfterTest tearDown" time="-1.600032947048E9">
    <skipped/>
  </testcase> <!-- @AfterTest tearDown -->
  <testcase classname="com.flipkart.testing.TestPages.GoogleNestMini.GoogleNestMini_Test" name="@AfterTest tearDown" time="-1.600032947049E9">
    <skipped/>
  </testcase> <!-- @AfterTest tearDown -->
  <testcase classname="com.flipkart.testing.TestPages.GoogleAssistant.Google_Assistant_Test" name="@AfterTest tearDown" time="-1.600032947049E9">
    <skipped/>
  </testcase> <!-- @AfterTest tearDown -->
  <testcase classname="com.flipkart.testing.TestPages.HardDiskTest" name="@AfterTest teardown" time="-1.60003294705E9">
    <skipped/>
  </testcase> <!-- @AfterTest teardown -->
  <testcase classname="com.flipkart.testing.TestPages.HomePageTest" name="@AfterTest tearDown" time="-1.60003294705E9">
    <skipped/>
  </testcase> <!-- @AfterTest tearDown -->
  <testcase classname="com.flipkart.testing.TestPages.InvalidLoginTest" name="@AfterTest teardown" time="-1.600032947051E9">
    <skipped/>
  </testcase> <!-- @AfterTest teardown -->
  <testcase classname="com.flipkart.testing.TestPages.AC.LG_AC_Test" name="@AfterTest Teardown" time="-1.600032947051E9">
    <skipped/>
  </testcase> <!-- @AfterTest Teardown -->
  <testcase classname="com.flipkart.testing.TestPages.LoginTest" name="@AfterTest teardown" time="-1.600032947051E9">
    <skipped/>
  </testcase> <!-- @AfterTest teardown -->
  <testcase classname="com.flipkart.testing.TestPages.Men.MenTshirts_Test" name="@AfterTest tearDown" time="-1.600032947052E9">
    <skipped/>
  </testcase> <!-- @AfterTest tearDown -->
  <testcase classname="com.flipkart.testing.TestPages.MiTest" name="@AfterTest tearDown" time="-1.600032947052E9">
    <skipped/>
  </testcase> <!-- @AfterTest tearDown -->
  <testcase classname="com.flipkart.testing.TestPages.MicroSoft_Product.MicroSoft_Surface_6_Test" name="@AfterTest tearDown" time="-1.600032947052E9">
    <skipped/>
  </testcase> <!-- @AfterTest tearDown -->
  <testcase classname="com.flipkart.testing.TestPages.MicroSoft_Product.MicroSoft_Surface_7_Test" name="@AfterTest tearDown" time="-1.600032947053E9">
    <skipped/>
  </testcase> <!-- @AfterTest tearDown -->
  <testcase classname="com.flipkart.testing.TestPages.MicroSoft_Product.MicroSoft_product_Test" name="@AfterTest tesrdown" time="-1.600032947053E9">
    <skipped/>
  </testcase> <!-- @AfterTest tesrdown -->
  <testcase classname="com.flipkart.testing.TestPages.MobileTest" name="@AfterTest teardown" time="-1.600032947054E9">
    <skipped/>
  </testcase> <!-- @AfterTest teardown -->
  <testcase classname="com.flipkart.testing.TestPages.SeagateTest" name="@AfterTest teardown" time="-1.600032947054E9">
    <skipped/>
  </testcase> <!-- @AfterTest teardown -->
  <testcase classname="com.flipkart.testing.TestPages.Men.Tshirts.Wrangler_TshirtTest" name="@AfterTest tearDown" time="-1.600032947054E9">
    <skipped/>
  </testcase> <!-- @AfterTest tearDown -->
  <testcase classname="com.flipkart.testing.TestPages.AboutUsTest" name="aboutUsTitleTest" time="0.0">
    <skipped/>
  </testcase> <!-- aboutUsTitleTest -->
  <testcase classname="com.flipkart.testing.TestPages.AboutUsTest" name="flipkartStoryImgTest" time="0.0">
    <skipped/>
  </testcase> <!-- flipkartStoryImgTest -->
  <testcase classname="com.flipkart.testing.TestPages.AboutUsTest" name="launchDetailImgTest" time="0.0">
    <skipped/>
  </testcase> <!-- launchDetailImgTest -->
  <testcase classname="com.flipkart.testing.TestPages.AboutUsTest" name="objimgTest" time="0.0">
    <skipped/>
  </testcase> <!-- objimgTest -->
  <testcase classname="com.flipkart.testing.TestPages.AboutUsTest" name="startBy2ImgTest" time="0.0">
    <skipped/>
  </testcase> <!-- startBy2ImgTest -->
  <testcase classname="com.flipkart.testing.TestPages.AboutUsTest" name="detaiImgTest" time="0.0">
    <skipped/>
  </testcase> <!-- detaiImgTest -->
  <testcase classname="com.flipkart.testing.TestPages.AboutUsTest" name="growthImgTest" time="0.0">
    <skipped/>
  </testcase> <!-- growthImgTest -->
  <testcase classname="com.flipkart.testing.TestPages.AboutUsTest" name="globalImgTest" time="0.0">
    <skipped/>
  </testcase> <!-- globalImgTest -->
  <testcase classname="com.flipkart.testing.TestPages.AboutUsTest" name="mailUsTest" time="0.0">
    <skipped/>
  </testcase> <!-- mailUsTest -->
  <testcase classname="com.flipkart.testing.TestPages.AppleWatchTest" name="titleTest" time="0.0">
    <skipped/>
  </testcase> <!-- titleTest -->
  <testcase classname="com.flipkart.testing.TestPages.AppleWatchTest" name="pageVerifyTest" time="0.0">
    <skipped/>
  </testcase> <!-- pageVerifyTest -->
  <testcase classname="com.flipkart.testing.TestPages.AppleWatchTest" name="high_lowfilterTest" time="0.0">
    <skipped/>
  </testcase> <!-- high_lowfilterTest -->
  <testcase classname="com.flipkart.testing.TestPages.AppleWatchTest" name="low_highfilterTest" time="0.0">
    <skipped/>
  </testcase> <!-- low_highfilterTest -->
  <testcase classname="com.flipkart.testing.TestPages.AppleWatchTest" name="populartyfilterTest" time="0.0">
    <skipped/>
  </testcase> <!-- populartyfilterTest -->
  <testcase classname="com.flipkart.testing.TestPages.AppleWatchTest" name="placeorder" time="0.0">
    <skipped/>
  </testcase> <!-- placeorder -->
  <testcase classname="com.flipkart.testing.TestPages.AppleWatchTest" name="addtoCartTest" time="0.0">
    <skipped/>
  </testcase> <!-- addtoCartTest -->
  <testcase classname="com.flipkart.testing.TestPages.SeagateTest" name="PageTitleTest" time="0.0">
    <skipped/>
  </testcase> <!-- PageTitleTest -->
  <testcase classname="com.flipkart.testing.TestPages.SeagateTest" name="PageTest" time="0.0">
    <skipped/>
  </testcase> <!-- PageTest -->
  <testcase classname="com.flipkart.testing.TestPages.SeagateTest" name="productSelectionTest" time="0.0">
    <skipped/>
  </testcase> <!-- productSelectionTest -->
  <testcase classname="com.flipkart.testing.TestPages.SeagateTest" name="addtoCartTest" time="0.0">
    <skipped/>
  </testcase> <!-- addtoCartTest -->
  <testcase classname="com.flipkart.testing.TestPages.CartTest" name="pageTest" time="0.0">
    <skipped/>
  </testcase> <!-- pageTest -->
  <testcase classname="com.flipkart.testing.TestPages.MiTest" name="TitleVerifyTest" time="0.0">
    <skipped/>
  </testcase> <!-- TitleVerifyTest -->
  <testcase classname="com.flipkart.testing.TestPages.MiTest" name="MiCompanyVerificationTest" time="0.0">
    <skipped/>
  </testcase> <!-- MiCompanyVerificationTest -->
  <testcase classname="com.flipkart.testing.TestPages.MiTest" name="Mi6GBfilterTest" time="0.0">
    <skipped/>
  </testcase> <!-- Mi6GBfilterTest -->
  <testcase classname="com.flipkart.testing.TestPages.MiTest" name="Mi4GBfilterTest" time="0.0">
    <skipped/>
  </testcase> <!-- Mi4GBfilterTest -->
  <testcase classname="com.flipkart.testing.TestPages.MiTest" name="Mi3GBfilterTest" time="0.0">
    <skipped/>
  </testcase> <!-- Mi3GBfilterTest -->
  <testcase classname="com.flipkart.testing.TestPages.MiTest" name="Mi2GBfilterTest" time="0.0">
    <skipped/>
  </testcase> <!-- Mi2GBfilterTest -->
  <testcase classname="com.flipkart.testing.TestPages.MiTest" name="Mi1GBfilterTest" time="0.0">
    <skipped/>
  </testcase> <!-- Mi1GBfilterTest -->
  <testcase classname="com.flipkart.testing.TestPages.MiTest" name="Mi256GBROMTest" time="0.0">
    <skipped/>
  </testcase> <!-- Mi256GBROMTest -->
  <testcase classname="com.flipkart.testing.TestPages.MiTest" name="Mi128GBROMTest" time="0.0">
    <skipped/>
  </testcase> <!-- Mi128GBROMTest -->
  <testcase classname="com.flipkart.testing.TestPages.MiTest" name="Mi64GBROMTest" time="0.0">
    <skipped/>
  </testcase> <!-- Mi64GBROMTest -->
  <testcase classname="com.flipkart.testing.TestPages.MiTest" name="Mi32GBROMTest" time="0.0">
    <skipped/>
  </testcase> <!-- Mi32GBROMTest -->
  <testcase classname="com.flipkart.testing.TestPages.MiTest" name="Mi16GBROMTest" time="0.0">
    <skipped/>
  </testcase> <!-- Mi16GBROMTest -->
  <testcase classname="com.flipkart.testing.TestPages.MiTest" name="Mi8GBROMTest" time="0.0">
    <skipped/>
  </testcase> <!-- Mi8GBROMTest -->
  <testcase classname="com.flipkart.testing.TestPages.MiTest" name="low_highTest" time="0.0">
    <skipped/>
  </testcase> <!-- low_highTest -->
  <testcase classname="com.flipkart.testing.TestPages.MiTest" name="high_lowTest" time="0.0">
    <skipped/>
  </testcase> <!-- high_lowTest -->
  <testcase classname="com.flipkart.testing.TestPages.MiTest" name="newestTest" time="0.0">
    <skipped/>
  </testcase> <!-- newestTest -->
  <testcase classname="com.flipkart.testing.TestPages.IpadProTest" name="TitleVerificationTest" time="0.0">
    <skipped/>
  </testcase> <!-- TitleVerificationTest -->
  <testcase classname="com.flipkart.testing.TestPages.IpadProTest" name="PageTitleTest" time="0.0">
    <skipped/>
  </testcase> <!-- PageTitleTest -->
  <testcase classname="com.flipkart.testing.TestPages.IpadProTest" name="PageElementTest" time="0.0">
    <skipped/>
  </testcase> <!-- PageElementTest -->
  <testcase classname="com.flipkart.testing.TestPages.Men.Tshirts.Wrangler_TshirtTest" name="DetailVerify_Test" time="0.0">
    <skipped/>
  </testcase> <!-- DetailVerify_Test -->
  <testcase classname="com.flipkart.testing.TestPages.Men.Tshirts.Wrangler_TshirtTest" name="pageDetailVerify" time="0.0">
    <skipped/>
  </testcase> <!-- pageDetailVerify -->
  <testcase classname="com.flipkart.testing.TestPages.Men.Tshirts.Wrangler_TshirtTest" name="BrandVerify_Test" time="0.0">
    <skipped/>
  </testcase> <!-- BrandVerify_Test -->
  <testcase classname="com.flipkart.testing.TestPages.Men.Tshirts.Wrangler_TshirtTest" name="BuyProduct" time="0.0">
    <skipped/>
  </testcase> <!-- BuyProduct -->
  <testcase classname="com.flipkart.testing.TestPages.Men.Tshirts.Wrangler_TshirtTest" name="Levi_sSelectionTest" time="0.0">
    <skipped/>
  </testcase> <!-- Levi_sSelectionTest -->
  <testcase classname="com.flipkart.testing.TestPages.Men.Tshirts.Wrangler_TshirtTest" name="Levi_sBrandVerify_Test" time="0.0">
    <skipped/>
  </testcase> <!-- Levi_sBrandVerify_Test -->
  <testcase classname="com.flipkart.testing.TestPages.Men.Tshirts.Wrangler_TshirtTest" name="BuyLevi_s" time="0.0">
    <skipped/>
  </testcase> <!-- BuyLevi_s -->
  <testcase classname="com.flipkart.testing.TestPages.Men.Tshirts.Wrangler_TshirtTest" name="LevisSelectionTest" time="0.0">
    <skipped/>
  </testcase> <!-- LevisSelectionTest -->
  <testcase classname="com.flipkart.testing.TestPages.Men.Tshirts.Wrangler_TshirtTest" name="LevisBrandVerify_Test" time="0.0">
    <skipped/>
  </testcase> <!-- LevisBrandVerify_Test -->
  <testcase classname="com.flipkart.testing.TestPages.Men.Tshirts.Wrangler_TshirtTest" name="BuyLevis" time="0.0">
    <skipped/>
  </testcase> <!-- BuyLevis -->
  <testcase classname="com.flipkart.testing.TestPages.Men.Tshirts.Wrangler_TshirtTest" name="MuftiSelectionTest" time="0.0">
    <skipped/>
  </testcase> <!-- MuftiSelectionTest -->
  <testcase classname="com.flipkart.testing.TestPages.Men.Tshirts.Wrangler_TshirtTest" name="MuftiBrandVerify_Test" time="0.0">
    <skipped/>
  </testcase> <!-- MuftiBrandVerify_Test -->
  <testcase classname="com.flipkart.testing.TestPages.Men.Tshirts.Wrangler_TshirtTest" name="BuyMufti" time="0.0">
    <skipped/>
  </testcase> <!-- BuyMufti -->
  <testcase classname="com.flipkart.testing.TestPages.Men.Tshirts.Wrangler_TshirtTest" name="LeeSelectionTest" time="0.0">
    <skipped/>
  </testcase> <!-- LeeSelectionTest -->
  <testcase classname="com.flipkart.testing.TestPages.Men.Tshirts.Wrangler_TshirtTest" name="LeeBrandVerify_Test" time="0.0">
    <skipped/>
  </testcase> <!-- LeeBrandVerify_Test -->
  <testcase classname="com.flipkart.testing.TestPages.Men.Tshirts.Wrangler_TshirtTest" name="BuyLee" time="0.0">
    <skipped/>
  </testcase> <!-- BuyLee -->
  <testcase classname="com.flipkart.testing.TestPages.LoginTest" name="loginTest" time="0.0">
    <skipped/>
  </testcase> <!-- loginTest -->
  <testcase classname="com.flipkart.testing.TestPages.GoogleAssistant.Google_Assistant_Test" name="TitleVerify_Test" time="0.0">
    <skipped/>
  </testcase> <!-- TitleVerify_Test -->
  <testcase classname="com.flipkart.testing.TestPages.GoogleAssistant.Google_Assistant_Test" name="PageVerify" time="0.0">
    <skipped/>
  </testcase> <!-- PageVerify -->
  <testcase classname="com.flipkart.testing.TestPages.GoogleAssistant.Google_Assistant_Test" name="googleAssistantImg_Verify_Test" time="0.0">
    <skipped/>
  </testcase> <!-- googleAssistantImg_Verify_Test -->
  <testcase classname="com.flipkart.testing.TestPages.GoogleAssistant.Google_Assistant_Test" name="googleAssistant_DeviceImg_Verify_Test" time="0.0">
    <skipped/>
  </testcase> <!-- googleAssistant_DeviceImg_Verify_Test -->
  <testcase classname="com.flipkart.testing.TestPages.GoogleAssistant.Google_Assistant_Test" name="googleLanguageImg_Verify_Test" time="0.0">
    <skipped/>
  </testcase> <!-- googleLanguageImg_Verify_Test -->
  <testcase classname="com.flipkart.testing.TestPages.GoogleAssistant.Google_Assistant_Test" name="googleLanguageImg2_Verify_Test" time="0.0">
    <skipped/>
  </testcase> <!-- googleLanguageImg2_Verify_Test -->
  <testcase classname="com.flipkart.testing.TestPages.GoogleAssistant.Google_Assistant_Test" name="googleAssistant_SmartPhoneImg_Verify_Test" time="0.0">
    <skipped/>
  </testcase> <!-- googleAssistant_SmartPhoneImg_Verify_Test -->
  <testcase classname="com.flipkart.testing.TestPages.GoogleAssistant.Google_Assistant_Test" name="googleAssistant_SmartPhoneImg2_Verify_Test" time="0.0">
    <skipped/>
  </testcase> <!-- googleAssistant_SmartPhoneImg2_Verify_Test -->
  <testcase classname="com.flipkart.testing.TestPages.GoogleAssistant.Google_Assistant_Test" name="googleAssistant_SmartPhoneImg3_Verify_Test" time="0.0">
    <skipped/>
  </testcase> <!-- googleAssistant_SmartPhoneImg3_Verify_Test -->
  <testcase classname="com.flipkart.testing.TestPages.GoogleAssistant.Google_Assistant_Test" name="googleAssistanta_SmartTV_Verify_Test" time="0.0">
    <skipped/>
  </testcase> <!-- googleAssistanta_SmartTV_Verify_Test -->
  <testcase classname="com.flipkart.testing.TestPages.GoogleAssistant.Google_Assistant_Test" name="googleAssistanta_SmartTV2_Verify_Test" time="0.0">
    <skipped/>
  </testcase> <!-- googleAssistanta_SmartTV2_Verify_Test -->
  <testcase classname="com.flipkart.testing.TestPages.GoogleAssistant.Google_Assistant_Test" name="googleAssistant_Term_ConditonsImg_Verify_Test" time="0.0">
    <skipped/>
  </testcase> <!-- googleAssistant_Term_ConditonsImg_Verify_Test -->
  <testcase classname="com.flipkart.testing.TestPages.GoogleAssistant.Google_Assistant_Test" name="googleAssistant_Term_ConditonsImg2_Test" time="0.0">
    <skipped/>
  </testcase> <!-- googleAssistant_Term_ConditonsImg2_Test -->
  <testcase classname="com.flipkart.testing.TestPages.InvalidLoginTest" name="invalidTest1" time="0.0">
    <skipped/>
  </testcase> <!-- invalidTest1 -->
  <testcase classname="com.flipkart.testing.TestPages.InvalidLoginTest" name="invalidTest2" time="0.0">
    <skipped/>
  </testcase> <!-- invalidTest2 -->
  <testcase classname="com.flipkart.testing.TestPages.InvalidLoginTest" name="invalidTest3" time="0.0">
    <skipped/>
  </testcase> <!-- invalidTest3 -->
  <testcase classname="com.flipkart.testing.TestPages.InvalidLoginTest" name="invalidTest4" time="0.0">
    <skipped/>
  </testcase> <!-- invalidTest4 -->
  <testcase classname="com.flipkart.testing.TestPages.InvalidLoginTest" name="invalidTest5" time="0.0">
    <skipped/>
  </testcase> <!-- invalidTest5 -->
  <testcase classname="com.flipkart.testing.TestPages.InvalidLoginTest" name="invalidTest6" time="0.0">
    <skipped/>
  </testcase> <!-- invalidTest6 -->
  <testcase classname="com.flipkart.testing.TestPages.Women.WesternMaterilTest.DressesTest" name="PageVerify_Test" time="0.0">
    <skipped/>
  </testcase> <!-- PageVerify_Test -->
  <testcase classname="com.flipkart.testing.TestPages.Women.WesternMaterilTest.DressesTest" name="TitleVerify_Test" time="0.0">
    <skipped/>
  </testcase> <!-- TitleVerify_Test -->
  <testcase classname="com.flipkart.testing.TestPages.Women.WesternMaterilTest.DressesTest" name="DetailVerify_Test" time="0.0">
    <skipped/>
  </testcase> <!-- DetailVerify_Test -->
  <testcase classname="com.flipkart.testing.TestPages.Women.WesternMaterilTest.DressesTest" name="BrandVerify_Test" time="0.0">
    <skipped/>
  </testcase> <!-- BrandVerify_Test -->
  <testcase classname="com.flipkart.testing.TestPages.Women.WesternMaterilTest.DressesTest" name="BuyProduct" time="0.0">
    <skipped/>
  </testcase> <!-- BuyProduct -->
  <testcase classname="com.flipkart.testing.TestPages.Women.WesternMaterilTest.DressesTest" name="Levi_sSelectionTest" time="0.0">
    <skipped/>
  </testcase> <!-- Levi_sSelectionTest -->
  <testcase classname="com.flipkart.testing.TestPages.Women.WesternMaterilTest.DressesTest" name="Levi_sBrandVerify_Test" time="0.0">
    <skipped/>
  </testcase> <!-- Levi_sBrandVerify_Test -->
  <testcase classname="com.flipkart.testing.TestPages.Women.WesternMaterilTest.DressesTest" name="BuyLevi_s" time="0.0">
    <skipped/>
  </testcase> <!-- BuyLevi_s -->
  <testcase classname="com.flipkart.testing.TestPages.Women.WesternMaterilTest.DressesTest" name="LevisSelectionTest" time="0.0">
    <skipped/>
  </testcase> <!-- LevisSelectionTest -->
  <testcase classname="com.flipkart.testing.TestPages.Women.WesternMaterilTest.DressesTest" name="LevisBrandVerify_Test" time="0.0">
    <skipped/>
  </testcase> <!-- LevisBrandVerify_Test -->
  <testcase classname="com.flipkart.testing.TestPages.Women.WesternMaterilTest.DressesTest" name="BuyLevis" time="0.0">
    <skipped/>
  </testcase> <!-- BuyLevis -->
  <testcase classname="com.flipkart.testing.TestPages.Women.WesternMaterilTest.DressesTest" name="LibasSelectionTest" time="0.0">
    <skipped/>
  </testcase> <!-- LibasSelectionTest -->
  <testcase classname="com.flipkart.testing.TestPages.Women.WesternMaterilTest.DressesTest" name="LibasBrandVerify_Test" time="0.0">
    <skipped/>
  </testcase> <!-- LibasBrandVerify_Test -->
  <testcase classname="com.flipkart.testing.TestPages.Women.WesternMaterilTest.DressesTest" name="BuyLibas" time="0.0">
    <skipped/>
  </testcase> <!-- BuyLibas -->
  <testcase classname="com.flipkart.testing.TestPages.Women.WesternMaterilTest.DressesTest" name="LeeSelectionTest" time="0.0">
    <skipped/>
  </testcase> <!-- LeeSelectionTest -->
  <testcase classname="com.flipkart.testing.TestPages.Women.WesternMaterilTest.DressesTest" name="LeeBrandVerify_Test" time="0.0">
    <skipped/>
  </testcase> <!-- LeeBrandVerify_Test -->
  <testcase classname="com.flipkart.testing.TestPages.Women.WesternMaterilTest.DressesTest" name="BuyLee" time="0.0">
    <skipped/>
  </testcase> <!-- BuyLee -->
  <testcase classname="com.flipkart.testing.TestPages.SmartWatches.FitBit_Test" name="TitleVerify_Test" time="0.0">
    <skipped/>
  </testcase> <!-- TitleVerify_Test -->
  <testcase classname="com.flipkart.testing.TestPages.SmartWatches.FitBit_Test" name="PageVerify_Test" time="0.0">
    <skipped/>
  </testcase> <!-- PageVerify_Test -->
  <testcase classname="com.flipkart.testing.TestPages.SmartWatches.FitBit_Test" name="BuyProduct" time="0.0">
    <skipped/>
  </testcase> <!-- BuyProduct -->
  <testcase classname="com.flipkart.testing.TestPages.AppleTest" name="TitleTest" time="0.0">
    <skipped/>
  </testcase> <!-- TitleTest -->
  <testcase classname="com.flipkart.testing.TestPages.AppleTest" name="PageVerification" time="0.0">
    <skipped/>
  </testcase> <!-- PageVerification -->
  <testcase classname="com.flipkart.testing.TestPages.AppleTest" name="Iphone8PlusTest" time="0.0">
    <skipped/>
  </testcase> <!-- Iphone8PlusTest -->
  <testcase classname="com.flipkart.testing.TestPages.AppleTest" name="Iphone8Test" time="0.0">
    <skipped/>
  </testcase> <!-- Iphone8Test -->
  <testcase classname="com.flipkart.testing.TestPages.AppleTest" name="Iphone7Test" time="0.0">
    <skipped/>
  </testcase> <!-- Iphone7Test -->
  <testcase classname="com.flipkart.testing.TestPages.AppleTest" name="ipadTest" time="0.0">
    <skipped/>
  </testcase> <!-- ipadTest -->
  <testcase classname="com.flipkart.testing.TestPages.AppleTest" name="MacbookofferTest" time="0.0">
    <skipped/>
  </testcase> <!-- MacbookofferTest -->
  <testcase classname="com.flipkart.testing.TestPages.AppleTest" name="MacbookAssesTest" time="0.0">
    <skipped/>
  </testcase> <!-- MacbookAssesTest -->
  <testcase classname="com.flipkart.testing.TestPages.AppleTest" name="MacbookAirTest" time="0.0">
    <skipped/>
  </testcase> <!-- MacbookAirTest -->
  <testcase classname="com.flipkart.testing.TestPages.AppleTest" name="AppleWatchTest" time="0.0">
    <skipped/>
  </testcase> <!-- AppleWatchTest -->
  <testcase classname="com.flipkart.testing.TestPages.MobileTest" name="IphonenavigationTest" time="0.0">
    <skipped/>
  </testcase> <!-- IphonenavigationTest -->
  <testcase classname="com.flipkart.testing.TestPages.MobileTest" name="test" time="0.0">
    <skipped/>
  </testcase> <!-- test -->
  <testcase classname="com.flipkart.testing.TestPages.HardDiskTest" name="PageTitleVerificationTest" time="0.0">
    <skipped/>
  </testcase> <!-- PageTitleVerificationTest -->
  <testcase classname="com.flipkart.testing.TestPages.HardDiskTest" name="PageVerifyTest" time="0.0">
    <skipped/>
  </testcase> <!-- PageVerifyTest -->
  <testcase classname="com.flipkart.testing.TestPages.HardDiskTest" name="WDTest" time="0.0">
    <skipped/>
  </testcase> <!-- WDTest -->
  <testcase classname="com.flipkart.testing.TestPages.GoogleNestMini.GoogleNestMini_Test" name="TitleVerify_Test" time="0.0">
    <skipped/>
  </testcase> <!-- TitleVerify_Test -->
  <testcase classname="com.flipkart.testing.TestPages.GoogleNestMini.GoogleNestMini_Test" name="PageVeifyTest" time="0.0">
    <skipped/>
  </testcase> <!-- PageVeifyTest -->
  <testcase classname="com.flipkart.testing.TestPages.GoogleNestMini.GoogleNestMini_Test" name="googleNestminiImg1VerifyTest" time="0.0">
    <skipped/>
  </testcase> <!-- googleNestminiImg1VerifyTest -->
  <testcase classname="com.flipkart.testing.TestPages.GoogleNestMini.GoogleNestMini_Test" name="googleNestminiFeatureImgVerifyTest" time="0.0">
    <skipped/>
  </testcase> <!-- googleNestminiFeatureImgVerifyTest -->
  <testcase classname="com.flipkart.testing.TestPages.GoogleNestMini.GoogleNestMini_Test" name="googleNestDetailImgVerifyTest" time="0.0">
    <skipped/>
  </testcase> <!-- googleNestDetailImgVerifyTest -->
  <testcase classname="com.flipkart.testing.TestPages.GoogleNestMini.GoogleNestMini_Test" name="googleNestGaanaImgVerifyTest" time="0.0">
    <skipped/>
  </testcase> <!-- googleNestGaanaImgVerifyTest -->
  <testcase classname="com.flipkart.testing.TestPages.GoogleNestMini.GoogleNestMini_Test" name="smartHomeSet_UpKitImgVerifyTest" time="0.0">
    <skipped/>
  </testcase> <!-- smartHomeSet_UpKitImgVerifyTest -->
  <testcase classname="com.flipkart.testing.TestPages.GoogleNestMini.GoogleNestMini_Test" name="smartHomeStarter_KitImgVerifyTest" time="0.0">
    <skipped/>
  </testcase> <!-- smartHomeStarter_KitImgVerifyTest -->
  <testcase classname="com.flipkart.testing.TestPages.GoogleNestMini.GoogleNestMini_Test" name="googleNestOkGoogleImgVerifyTest" time="0.0">
    <skipped/>
  </testcase> <!-- googleNestOkGoogleImgVerifyTest -->
  <testcase classname="com.flipkart.testing.TestPages.GoogleNestMini.GoogleNestMini_Test" name="googleNestMusicPartnerImgVerifyTest" time="0.0">
    <skipped/>
  </testcase> <!-- googleNestMusicPartnerImgVerifyTest -->
  <testcase classname="com.flipkart.testing.TestPages.GoogleNestMini.GoogleNestMini_Test" name="googleNestDimLightImgVerifyTest" time="0.0">
    <skipped/>
  </testcase> <!-- googleNestDimLightImgVerifyTest -->
  <testcase classname="com.flipkart.testing.TestPages.GoogleNestMini.GoogleNestMini_Test" name="googleNestControlHomeVoiceImgVerifyTest" time="0.0">
    <skipped/>
  </testcase> <!-- googleNestControlHomeVoiceImgVerifyTest -->
  <testcase classname="com.flipkart.testing.TestPages.GoogleNestMini.GoogleNestMini_Test" name="googleNestControlHomeDevicePartnerImgVerifyTest" time="0.0">
    <skipped/>
  </testcase> <!-- googleNestControlHomeDevicePartnerImgVerifyTest -->
  <testcase classname="com.flipkart.testing.TestPages.GoogleNestMini.GoogleNestMini_Test" name="googleNestRoomImgVerifyTest" time="0.0">
    <skipped/>
  </testcase> <!-- googleNestRoomImgVerifyTest -->
  <testcase classname="com.flipkart.testing.TestPages.GoogleNestMini.GoogleNestMini_Test" name="googleNestRoom2ImgVerifyTest" time="0.0">
    <skipped/>
  </testcase> <!-- googleNestRoom2ImgVerifyTest -->
  <testcase classname="com.flipkart.testing.TestPages.GoogleNestMini.GoogleNestMini_Test" name="googleNestFindRightHelpImgVerify" time="0.0">
    <skipped/>
  </testcase> <!-- googleNestFindRightHelpImgVerify -->
  <testcase classname="com.flipkart.testing.TestPages.GoogleNestMini.GoogleNestMini_Test" name="googleNestFindRightHelp2ImgVerify" time="0.0">
    <skipped/>
  </testcase> <!-- googleNestFindRightHelp2ImgVerify -->
  <testcase classname="com.flipkart.testing.TestPages.GoogleNestMini.GoogleNestMini_Test" name="googleNestTerm_and_ConditionsImgVerify" time="0.0">
    <skipped/>
  </testcase> <!-- googleNestTerm_and_ConditionsImgVerify -->
  <testcase classname="com.flipkart.testing.TestPages.AC.LG_AC_Test" name="PagetVerify_Test" time="0.0">
    <skipped/>
  </testcase> <!-- PagetVerify_Test -->
  <testcase classname="com.flipkart.testing.TestPages.AC.LG_AC_Test" name="TitleVerify_Test" time="0.0">
    <skipped/>
  </testcase> <!-- TitleVerify_Test -->
  <testcase classname="com.flipkart.testing.TestPages.AC.LG_AC_Test" name="AmountVerify_Test" time="0.0">
    <skipped/>
  </testcase> <!-- AmountVerify_Test -->
  <testcase classname="com.flipkart.testing.TestPages.AC.LG_AC_Test" name="DiscountVerify_Test" time="0.0">
    <skipped/>
  </testcase> <!-- DiscountVerify_Test -->
  <testcase classname="com.flipkart.testing.TestPages.AC.LG_AC_Test" name="WindowLG_AC_Test" time="0.0">
    <skipped/>
  </testcase> <!-- WindowLG_AC_Test -->
  <testcase classname="com.flipkart.testing.TestPages.MicroSoft_Product.MicroSoft_Surface_7_Test" name="ProductVerify_Test" time="0.0">
    <skipped/>
  </testcase> <!-- ProductVerify_Test -->
  <testcase classname="com.flipkart.testing.TestPages.MicroSoft_Product.MicroSoft_Surface_7_Test" name="TitleVerify_Test" time="0.0">
    <skipped/>
  </testcase> <!-- TitleVerify_Test -->
  <testcase classname="com.flipkart.testing.TestPages.GoogleNestMini.GoogleNestMINIProductTest" name="TitleVerifyTest" time="0.0">
    <skipped/>
  </testcase> <!-- TitleVerifyTest -->
  <testcase classname="com.flipkart.testing.TestPages.GoogleNestMini.GoogleNestMINIProductTest" name="pageVerify" time="0.0">
    <skipped/>
  </testcase> <!-- pageVerify -->
  <testcase classname="com.flipkart.testing.TestPages.GoogleNestMini.GoogleNestMINIProductTest" name="ColorSelectionTest" time="0.0">
    <skipped/>
  </testcase> <!-- ColorSelectionTest -->
  <testcase classname="com.flipkart.testing.TestPages.GoogleNestMini.GoogleNestMINIProductTest" name="googleNestminiFeatureImgProductVerifyTest" time="0.0">
    <skipped/>
  </testcase> <!-- googleNestminiFeatureImgProductVerifyTest -->
  <testcase classname="com.flipkart.testing.TestPages.GoogleNestMini.GoogleNestMINIProductTest" name="pageVerifygoogleNestminiFeatureImgProductVerifyTest" time="0.0">
    <skipped/>
  </testcase> <!-- pageVerifygoogleNestminiFeatureImgProductVerifyTest -->
  <testcase classname="com.flipkart.testing.TestPages.GoogleNestMini.GoogleNestMINIProductTest" name="ColorSelectiongoogleNestminiFeatureImgProductVerifyTest" time="0.0">
    <skipped/>
  </testcase> <!-- ColorSelectiongoogleNestminiFeatureImgProductVerifyTest -->
  <testcase classname="com.flipkart.testing.TestPages.GoogleNestMini.GoogleNestMINIProductTest" name="BuyProduct_googleNestminiVerifyTest" time="0.0">
    <skipped/>
  </testcase> <!-- BuyProduct_googleNestminiVerifyTest -->
  <testcase classname="com.flipkart.testing.TestPages.MicroSoft_Product.MicroSoft_product_Test" name="TitleTest" time="0.0">
    <skipped/>
  </testcase> <!-- TitleTest -->
  <testcase classname="com.flipkart.testing.TestPages.MicroSoft_Product.MicroSoft_product_Test" name="PageVerifyTest" time="0.0">
    <skipped/>
  </testcase> <!-- PageVerifyTest -->
  <testcase classname="com.flipkart.testing.TestPages.MicroSoft_Product.MicroSoft_product_Test" name="Surface7ProImgVerify_Test" time="0.0">
    <skipped/>
  </testcase> <!-- Surface7ProImgVerify_Test -->
  <testcase classname="com.flipkart.testing.TestPages.MicroSoft_Product.MicroSoft_product_Test" name="AllSurfaceImgVerify_Test" time="0.0">
    <skipped/>
  </testcase> <!-- AllSurfaceImgVerify_Test -->
  <testcase classname="com.flipkart.testing.TestPages.MicroSoft_Product.MicroSoft_product_Test" name="Surface7ProImg2Verify_Test" time="0.0">
    <skipped/>
  </testcase> <!-- Surface7ProImg2Verify_Test -->
  <testcase classname="com.flipkart.testing.TestPages.MicroSoft_Product.MicroSoft_product_Test" name="ServicesMicrosoftImgVerify_Test" time="0.0">
    <skipped/>
  </testcase> <!-- ServicesMicrosoftImgVerify_Test -->
  <testcase classname="com.flipkart.testing.TestPages.MicroSoft_Product.MicroSoft_product_Test" name="AboutMicroSoftImgVerify_Test" time="0.0">
    <skipped/>
  </testcase> <!-- AboutMicroSoftImgVerify_Test -->
  <testcase classname="com.flipkart.testing.TestPages.HomePageTest" name="titleTest" time="0.0">
    <skipped/>
  </testcase> <!-- titleTest -->
  <testcase classname="com.flipkart.testing.TestPages.HomePageTest" name="logoTest" time="0.0">
    <skipped/>
  </testcase> <!-- logoTest -->
  <testcase classname="com.flipkart.testing.TestPages.HomePageTest" name="ValidateHomepageImgTest" time="0.0">
    <skipped/>
  </testcase> <!-- ValidateHomepageImgTest -->
  <testcase classname="com.flipkart.testing.TestPages.HomePageTest" name="AboutusValidationTest" time="0.0">
    <skipped/>
  </testcase> <!-- AboutusValidationTest -->
  <testcase classname="com.flipkart.testing.TestPages.HomePageTest" name="contactUsValidationTest" time="0.0">
    <skipped/>
  </testcase> <!-- contactUsValidationTest -->
  <testcase classname="com.flipkart.testing.TestPages.Men.MenTshirts_Test" name="TitleVerify_Test" time="0.0">
    <skipped/>
  </testcase> <!-- TitleVerify_Test -->
  <testcase classname="com.flipkart.testing.TestPages.Men.MenTshirts_Test" name="PageVerify_Test" time="0.0">
    <skipped/>
  </testcase> <!-- PageVerify_Test -->
  <testcase classname="com.flipkart.testing.TestPages.Men.MenTshirts_Test" name="PageDetailVerify_Test" time="0.0">
    <skipped/>
  </testcase> <!-- PageDetailVerify_Test -->
  <testcase classname="com.flipkart.testing.TestPages.MicroSoft_Product.MicroSoft_Surface_6_Test" name="TitleVerify_Test" time="0.0">
    <skipped/>
  </testcase> <!-- TitleVerify_Test -->
  <testcase classname="com.flipkart.testing.TestPages.MicroSoft_Product.MicroSoft_Surface_6_Test" name="ProductVerify_Test" time="0.0">
    <skipped/>
  </testcase> <!-- ProductVerify_Test -->
  <testcase classname="com.flipkart.testing.TestPages.MicroSoft_Product.MicroSoft_Surface_6_Test" name="BuySurface6_Test" time="0.0">
    <skipped/>
  </testcase> <!-- BuySurface6_Test -->
</testsuite> <!-- Test -->
