<?xml version="1.0" encoding="UTF-8"?>
<testng-results ignored="3" total="4" passed="1" failed="0" skipped="0">
  <reporter-output>
  </reporter-output>
  <suite started-at="2020-09-09T23:41:58 IST" name="Default suite" finished-at="2020-09-09T23:42:42 IST" duration-ms="43577">
    <groups>
    </groups>
    <test started-at="2020-09-09T23:41:58 IST" name="Default test" finished-at="2020-09-09T23:42:42 IST" duration-ms="43577">
      <class name="com.flipkart.testing.TestPages.AC.LG_AC_Test">
        <test-method is-config="true" signature="SetUp()[pri:0, instance:com.flipkart.testing.TestPages.AC.LG_AC_Test@309e345f]" started-at="2020-09-09T23:41:58 IST" name="SetUp" finished-at="2020-09-09T23:42:34 IST" duration-ms="36146" status="PASS">
          <reporter-output>
          </reporter-output>
        </test-method> <!-- SetUp -->
        <test-method signature="DiscountVerify_Test()[pri:4, instance:com.flipkart.testing.TestPages.AC.LG_AC_Test@309e345f]" started-at="2020-09-09T23:42:34 IST" name="DiscountVerify_Test" finished-at="2020-09-09T23:42:42 IST" duration-ms="7376" status="PASS">
          <reporter-output>
          </reporter-output>
        </test-method> <!-- DiscountVerify_Test -->
        <test-method is-config="true" signature="Teardown()[pri:0, instance:com.flipkart.testing.TestPages.AC.LG_AC_Test@309e345f]" started-at="2020-09-09T23:42:42 IST" name="Teardown" finished-at="2020-09-09T23:42:42 IST" duration-ms="0" status="PASS">
          <reporter-output>
          </reporter-output>
        </test-method> <!-- Teardown -->
      </class> <!-- com.flipkart.testing.TestPages.AC.LG_AC_Test -->
    </test> <!-- Default test -->
  </suite> <!-- Default suite -->
</testng-results>
